[0m2022.01.07 13:07:05 INFO  Started: Metals version 0.10.9 in workspace 'C:\Users\lanej\OneDrive\CS403\tdd_intro' for client Visual Studio Code 1.63.2.[0m
[0m2022.01.07 13:07:07 INFO  time: initialize in 2.16s[0m
[0m2022.01.07 13:07:08 WARN  Build server is not auto-connectable.[0m
[0m2022.01.07 13:07:39 WARN  no build target for: C:\Users\lanej\OneDrive\CS403\tdd_intro\build.sbt[0m
[0m2022.01.07 13:07:43 INFO  no build target: using presentation compiler with only scala-library: 3.1.0[0m
[0m2022.01.07 13:07:46 INFO  time: code lens generation in 6.27s[0m
[0m2022.01.07 13:07:46 INFO  time: code lens generation in 6.27s[0m
[0m2022.01.07 13:12:06 WARN  no build target for: C:\Users\lanej\OneDrive\CS403\tdd_intro\build.sbt[0m
[0m2022.01.07 13:12:17 INFO  running 'C:\Program Files\Eclipse Adoptium\jdk-11.0.13.8-hotspot\bin\java -Djline.terminal=jline.UnsupportedTerminal -Dsbt.log.noformat=true -Dfile.encoding=UTF-8 -jar C:\Users\lanej\AppData\Local\Temp\metals10631231803923876038\sbt-launch.jar -Dbloop.export-jar-classifiers=sources bloopInstall'[0m
[0m2022.01.07 13:12:19 INFO  [info] welcome to sbt 1.6.1 (Eclipse Adoptium Java 11.0.13)[0m
[0m2022.01.07 13:12:22 INFO  [info] loading settings for project tdd_intro-build-build from metals.sbt ...[0m
[0m2022.01.07 13:12:22 INFO  [info] loading project definition from C:\Users\lanej\OneDrive\CS403\tdd_intro\project\project[0m
[0m2022.01.07 13:12:27 INFO  [info] loading settings for project tdd_intro-build from metals.sbt ...[0m
[0m2022.01.07 13:12:27 INFO  [info] loading project definition from C:\Users\lanej\OneDrive\CS403\tdd_intro\project[0m
[0m2022.01.07 13:12:36 INFO  [success] Generated .bloop\tdd_intro-build.json[0m
[0m2022.01.07 13:12:36 INFO  [success] Total time: 9 s, completed Jan 7, 2022, 1:12:36 PM[0m
[0m2022.01.07 13:12:37 INFO  [info] loading settings for project root from build.sbt ...[0m
[0m2022.01.07 13:12:37 INFO  [info] set current project to Password Checker (in build file:/C:/Users/lanej/OneDrive/CS403/tdd_intro/)[0m
[0m2022.01.07 13:12:41 INFO  [success] Generated .bloop\root.json[0m
[0m2022.01.07 13:12:41 INFO  [success] Generated .bloop\root-test.json[0m
[0m2022.01.07 13:12:41 INFO  [success] Total time: 4 s, completed Jan 7, 2022, 1:12:41 PM[0m
[0m2022.01.07 13:12:42 INFO  time: ran 'sbt bloopInstall' in 24s[0m
[0m2022.01.07 13:12:42 INFO  Attempting to connect to the build server...[0m
Starting the bsp launcher for bloop...
Opening a bsp server connection with 'bsp --protocol tcp --port 32828'...
Waiting for the bsp connection to come up...
Waiting for the bsp connection to come up...
Waiting for the bsp connection to come up...
Waiting for the bsp connection to come up...
Waiting for the bsp connection to come up...
Waiting for the bsp connection to come up...
No server running at 127.0.0.1:8212, let's fire one...
Resolving ch.epfl.scala:bloop-frontend_2.12:1.4.11...
Starting bloop server at 127.0.0.1:8212...
Attempting a connection to the server...
[0m[32m[D][0m Loading 2 projects from 'c:\Users\lanej\OneDrive\CS403\tdd_intro\.bloop'...
[0m[32m[D][0m Loading project from 'c:\Users\lanej\OneDrive\CS403\tdd_intro\.bloop\root.json'
[0m[32m[D][0m Loading project from 'c:\Users\lanej\OneDrive\CS403\tdd_intro\.bloop\root-test.json'
[0m[32m[D][0m Cache miss for scala instance org.scala-lang:scala-compiler:3.1.0.
[0m[32m[D][0m   => C:\Users\lanej\AppData\Local\Coursier\Cache\v1\https\repo1.maven.org\maven2\com\fasterxml\jackson\core\jackson-annotations\2.2.3\jackson-annotations-2.2.3.jar
[0m[32m[D][0m   => C:\Users\lanej\AppData\Local\Coursier\Cache\v1\https\repo1.maven.org\maven2\com\fasterxml\jackson\core\jackson-core\2.9.8\jackson-core-2.9.8.jar
[0m[32m[D][0m   => C:\Users\lanej\AppData\Local\Coursier\Cache\v1\https\repo1.maven.org\maven2\com\fasterxml\jackson\core\jackson-databind\2.2.3\jackson-databind-2.2.3.jar
[0m[32m[D][0m   => C:\Users\lanej\AppData\Local\Coursier\Cache\v1\https\repo1.maven.org\maven2\com\fasterxml\jackson\dataformat\jackson-dataformat-yaml\2.9.8\jackson-dataformat-yaml-2.9.8.jar
[0m[32m[D][0m   => C:\Users\lanej\AppData\Local\Coursier\Cache\v1\https\repo1.maven.org\maven2\com\google\protobuf\protobuf-java\3.7.0\protobuf-java-3.7.0.jar
[0m[32m[D][0m   => C:\Users\lanej\AppData\Local\Coursier\Cache\v1\https\repo1.maven.org\maven2\com\vladsch\flexmark\flexmark-ext-anchorlink\0.42.12\flexmark-ext-anchorlink-0.42.12.jar
[0m[32m[D][0m   => C:\Users\lanej\AppData\Local\Coursier\Cache\v1\https\repo1.maven.org\maven2\com\vladsch\flexmark\flexmark-ext-autolink\0.42.12\flexmark-ext-autolink-0.42.12.jar
[0m[32m[D][0m   => C:\Users\lanej\AppData\Local\Coursier\Cache\v1\https\repo1.maven.org\maven2\com\vladsch\flexmark\flexmark-ext-emoji\0.42.12\flexmark-ext-emoji-0.42.12.jar
[0m[32m[D][0m   => C:\Users\lanej\AppData\Local\Coursier\Cache\v1\https\repo1.maven.org\maven2\com\vladsch\flexmark\flexmark-ext-gfm-strikethrough\0.42.12\flexmark-ext-gfm-strikethrough-0.42.12.jar
[0m[32m[D][0m   => C:\Users\lanej\AppData\Local\Coursier\Cache\v1\https\repo1.maven.org\maven2\com\vladsch\flexmark\flexmark-ext-gfm-tables\0.42.12\flexmark-ext-gfm-tables-0.42.12.jar
[0m[32m[D][0m   => C:\Users\lanej\AppData\Local\Coursier\Cache\v1\https\repo1.maven.org\maven2\com\vladsch\flexmark\flexmark-ext-gfm-tasklist\0.42.12\flexmark-ext-gfm-tasklist-0.42.12.jar
[0m[32m[D][0m   => C:\Users\lanej\AppData\Local\Coursier\Cache\v1\https\repo1.maven.org\maven2\com\vladsch\flexmark\flexmark-ext-ins\0.42.12\flexmark-ext-ins-0.42.12.jar
[0m[32m[D][0m   => C:\Users\lanej\AppData\Local\Coursier\Cache\v1\https\repo1.maven.org\maven2\com\vladsch\flexmark\flexmark-ext-superscript\0.42.12\flexmark-ext-superscript-0.42.12.jar
[0m[32m[D][0m   => C:\Users\lanej\AppData\Local\Coursier\Cache\v1\https\repo1.maven.org\maven2\com\vladsch\flexmark\flexmark-ext-tables\0.42.12\flexmark-ext-tables-0.42.12.jar
[0m[32m[D][0m   => C:\Users\lanej\AppData\Local\Coursier\Cache\v1\https\repo1.maven.org\maven2\com\vladsch\flexmark\flexmark-ext-wikilink\0.42.12\flexmark-ext-wikilink-0.42.12.jar
[0m[32m[D][0m   => C:\Users\lanej\AppData\Local\Coursier\Cache\v1\https\repo1.maven.org\maven2\com\vladsch\flexmark\flexmark-ext-yaml-front-matter\0.42.12\flexmark-ext-yaml-front-matter-0.42.12.jar
[0m[32m[D][0m   => C:\Users\lanej\AppData\Local\Coursier\Cache\v1\https\repo1.maven.org\maven2\com\vladsch\flexmark\flexmark-formatter\0.42.12\flexmark-formatter-0.42.12.jar
[0m[32m[D][0m   => C:\Users\lanej\AppData\Local\Coursier\Cache\v1\https\repo1.maven.org\maven2\com\vladsch\flexmark\flexmark-html-parser\0.42.12\flexmark-html-parser-0.42.12.jar
[0m[32m[D][0m   => C:\Users\lanej\AppData\Local\Coursier\Cache\v1\https\repo1.maven.org\maven2\com\vladsch\flexmark\flexmark-jira-converter\0.42.12\flexmark-jira-converter-0.42.12.jar
[0m[32m[D][0m   => C:\Users\lanej\AppData\Local\Coursier\Cache\v1\https\repo1.maven.org\maven2\com\vladsch\flexmark\flexmark-util\0.42.12\flexmark-util-0.42.12.jar
[0m[32m[D][0m   => C:\Users\lanej\AppData\Local\Coursier\Cache\v1\https\repo1.maven.org\maven2\com\vladsch\flexmark\flexmark\0.42.12\flexmark-0.42.12.jar
[0m[32m[D][0m   => C:\Users\lanej\AppData\Local\Coursier\Cache\v1\https\repo1.maven.org\maven2\net\java\dev\jna\jna\5.3.1\jna-5.3.1.jar
[0m[32m[D][0m   => C:\Users\lanej\AppData\Local\Coursier\Cache\v1\https\repo1.maven.org\maven2\nl\big-o\liqp\0.6.7\liqp-0.6.7.jar
[0m[32m[D][0m   => C:\Users\lanej\AppData\Local\Coursier\Cache\v1\https\repo1.maven.org\maven2\org\antlr\ST4\4.0.7\ST4-4.0.7.jar
[0m[32m[D][0m   => C:\Users\lanej\AppData\Local\Coursier\Cache\v1\https\repo1.maven.org\maven2\org\antlr\antlr-runtime\3.5.1\antlr-runtime-3.5.1.jar
[0m[32m[D][0m   => C:\Users\lanej\AppData\Local\Coursier\Cache\v1\https\repo1.maven.org\maven2\org\antlr\antlr\3.5.1\antlr-3.5.1.jar
[0m[32m[D][0m   => C:\Users\lanej\AppData\Local\Coursier\Cache\v1\https\repo1.maven.org\maven2\org\jline\jline-reader\3.19.0\jline-reader-3.19.0.jar
[0m[32m[D][0m   => C:\Users\lanej\AppData\Local\Coursier\Cache\v1\https\repo1.maven.org\maven2\org\jline\jline-terminal-jna\3.19.0\jline-terminal-jna-3.19.0.jar
[0m[32m[D][0m   => C:\Users\lanej\AppData\Local\Coursier\Cache\v1\https\repo1.maven.org\maven2\org\jline\jline-terminal\3.19.0\jline-terminal-3.19.0.jar
[0m[32m[D][0m   => C:\Users\lanej\AppData\Local\Coursier\Cache\v1\https\repo1.maven.org\maven2\org\jsoup\jsoup\1.13.1\jsoup-1.13.1.jar
[0m[32m[D][0m   => C:\Users\lanej\AppData\Local\Coursier\Cache\v1\https\repo1.maven.org\maven2\org\nibor\autolink\autolink\0.6.0\autolink-0.6.0.jar
[0m[32m[D][0m   => C:\Users\lanej\AppData\Local\Coursier\Cache\v1\https\repo1.maven.org\maven2\org\scala-lang\modules\scala-asm\9.1.0-scala-1\scala-asm-9.1.0-scala-1.jar
[0m[32m[D][0m   => C:\Users\lanej\AppData\Local\Coursier\Cache\v1\https\repo1.maven.org\maven2\org\scala-lang\scala-library\2.13.6\scala-library-2.13.6.jar
[0m[32m[D][0m   => C:\Users\lanej\AppData\Local\Coursier\Cache\v1\https\repo1.maven.org\maven2\org\scala-lang\scala3-compiler_3\3.1.0\scala3-compiler_3-3.1.0.jar
[0m[32m[D][0m   => C:\Users\lanej\AppData\Local\Coursier\Cache\v1\https\repo1.maven.org\maven2\org\scala-lang\scala3-interfaces\3.1.0\scala3-interfaces-3.1.0.jar
[0m[32m[D][0m   => C:\Users\lanej\AppData\Local\Coursier\Cache\v1\https\repo1.maven.org\maven2\org\scala-lang\scala3-library_3\3.1.0\scala3-library_3-3.1.0.jar
[0m[32m[D][0m   => C:\Users\lanej\AppData\Local\Coursier\Cache\v1\https\repo1.maven.org\maven2\org\scala-lang\scala3-tasty-inspector_3\3.1.0\scala3-tasty-inspector_3-3.1.0.jar
[0m[32m[D][0m   => C:\Users\lanej\AppData\Local\Coursier\Cache\v1\https\repo1.maven.org\maven2\org\scala-lang\scaladoc_3\3.1.0\scaladoc_3-3.1.0.jar
[0m[32m[D][0m   => C:\Users\lanej\AppData\Local\Coursier\Cache\v1\https\repo1.maven.org\maven2\org\scala-lang\tasty-core_3\3.1.0\tasty-core_3-3.1.0.jar
[0m[32m[D][0m   => C:\Users\lanej\AppData\Local\Coursier\Cache\v1\https\repo1.maven.org\maven2\org\scala-sbt\compiler-interface\1.3.5\compiler-interface-1.3.5.jar
[0m[32m[D][0m   => C:\Users\lanej\AppData\Local\Coursier\Cache\v1\https\repo1.maven.org\maven2\org\scala-sbt\util-interface\1.3.0\util-interface-1.3.0.jar
[0m[32m[D][0m   => C:\Users\lanej\AppData\Local\Coursier\Cache\v1\https\repo1.maven.org\maven2\org\yaml\snakeyaml\1.23\snakeyaml-1.23.jar
[0m[32m[D][0m Missing analysis file for project 'root-test'
[0m[32m[D][0m Missing analysis file for project 'root'
[0m[32m[D][0m Waiting for a connection at 127.0.0.1:32828...
The server is listening for incoming connections at tcp://127.0.0.1:32828...
Starting thread that pumps stdin and redirects it to the bsp server...
Starting thread that pumps server stdout and redirects it to the client stdout...
[0m2022.01.07 13:12:49 INFO  tracing is disabled for protocol BSP, to enable tracing of incoming and outgoing JSON messages create an empty file at C:\Users\lanej\AppData\Local\scalameta\metals\cache\bsp.trace.json[0m
[0m2022.01.07 13:12:49 INFO  Attempting to connect to the build server...[0m
Starting the bsp launcher for bloop...
Opening a bsp server connection with 'bsp --protocol tcp --port 36497'...
Waiting for the bsp connection to come up...
[0m[32m[D][0m Loading workspace settings from bloop.settings.json
[0m[32m[D][0m Waiting for a connection at 127.0.0.1:36497...
The server is listening for incoming connections at tcp://127.0.0.1:36497...
Starting thread that pumps stdin and redirects it to the bsp server...
Starting thread that pumps server stdout and redirects it to the client stdout...
[0m2022.01.07 13:12:49 INFO  tracing is disabled for protocol BSP, to enable tracing of incoming and outgoing JSON messages create an empty file at C:\Users\lanej\AppData\Local\scalameta\metals\cache\bsp.trace.json[0m
[0m2022.01.07 13:12:53 INFO  time: Connected to build server in 11s[0m
[0m2022.01.07 13:12:53 INFO  Connected to Build server: Bloop v1.4.11[0m
[0m2022.01.07 13:12:58 INFO  time: indexed workspace in 4.31s[0m
[0m2022.01.07 13:12:59 INFO  no build target: using presentation compiler with only scala-library: 3.1.0[0m
[0m2022.01.07 13:13:01 INFO  time: code lens generation in 2.67s[0m
[0m2022.01.07 13:13:01 INFO  time: code lens generation in 2.67s[0m
[0m2022.01.07 13:28:10 INFO  compiling root (1 scala source)[0m
[0m2022.01.07 13:28:14 INFO  time: compiled root in 3.59s[0m
[0m2022.01.07 13:28:16 INFO  compiling root-test (1 scala source)[0m
[0m2022.01.07 13:28:16 INFO  time: compiled root-test in 0.89s[0m
[0m2022.01.07 13:28:42 INFO  compiling root-test (1 scala source)[0m
[0m2022.01.07 13:28:42 INFO  time: compiled root-test in 0.73s[0m
[0m2022.01.07 13:29:40 INFO  compiling root-test (1 scala source)[0m
[0m2022.01.07 13:29:40 INFO  time: compiled root-test in 0.38s[0m
[0m2022.01.07 13:31:39 INFO  compiling root-test (1 scala source)[0m
[0m2022.01.07 13:31:39 INFO  time: compiled root-test in 0.24s[0m
[0m2022.01.07 13:33:09 INFO  compiling root (1 scala source)[0m
[0m2022.01.07 13:33:09 INFO  time: compiled root in 0.39s[0m
[0m2022.01.07 13:33:40 INFO  compiling root (1 scala source)[0m
[0m2022.01.07 13:33:40 INFO  time: compiled root in 0.24s[0m
[0m2022.01.07 13:33:42 INFO  compiling root-test (1 scala source)[0m
[0m2022.01.07 13:33:43 INFO  time: compiled root-test in 1.53s[0m
error: Unexpected error when forwarding client stdin ---> server stdout
No more data in the server stdin, exiting...
No more data in the server stdin, exiting...
java.net.SocketException: Software caused connection abort: socket write error
	at java.base/java.net.SocketOutputStream.socketWrite0(Native Method)
	at java.base/java.net.SocketOutputStream.socketWrite(SocketOutputStream.java:110)
	at java.base/java.net.SocketOutputStream.write(SocketOutputStream.java:150)
	at java.base/java.nio.channels.Channels$WritableByteChannelImpl.write(Channels.java:464)
	at bloop.launcher.bsp.BspBridge.copyContents(BspBridge.scala:291)
	at bloop.launcher.bsp.BspBridge.forwardStreamContents(BspBridge.scala:275)
	at bloop.launcher.bsp.BspBridge.$anonfun$wireBspConnectionStreams$1(BspBridge.scala:197)
	at bloop.bloopgun.core.Shell$$anon$2.run(Shell.scala:156)
Starting the bsp launcher for bloop...
Opening a bsp server connection with 'bsp --protocol tcp --port 29859'...
Waiting for the bsp connection to come up...
Starting the bsp launcher for bloop...
Opening a bsp server connection with 'bsp --protocol tcp --port 15530'...
Waiting for the bsp connection to come up...
[0m[32m[D][0m Loading workspace settings from bloop.settings.json
[0m[32m[D][0m Waiting for a connection at 127.0.0.1:29859...
The server is listening for incoming connections at tcp://127.0.0.1:29859...
Starting thread that pumps stdin and redirects it to the bsp server...
Starting thread that pumps server stdout and redirects it to the client stdout...
[0m[32m[D][0m Loading workspace settings from bloop.settings.json
[0m[32m[D][0m Waiting for a connection at 127.0.0.1:15530...
The server is listening for incoming connections at tcp://127.0.0.1:15530...
Starting thread that pumps stdin and redirects it to the bsp server...
Starting thread that pumps server stdout and redirects it to the client stdout...
[0m2022.01.07 13:52:38 INFO  tracing is disabled for protocol BSP, to enable tracing of incoming and outgoing JSON messages create an empty file at C:\Users\lanej\AppData\Local\scalameta\metals\cache\bsp.trace.json[0m
[0m2022.01.07 13:52:38 INFO  tracing is disabled for protocol BSP, to enable tracing of incoming and outgoing JSON messages create an empty file at C:\Users\lanej\AppData\Local\scalameta\metals\cache\bsp.trace.json[0m
[0m2022.01.07 13:52:38 INFO  Connected to Build server: Bloop v1.4.11[0m
[0m2022.01.07 13:52:38 INFO  Connected to Build server: Bloop v1.4.11[0m
error: Unexpected error when forwarding client stdin ---> server stdout
java.net.SocketException: Connection reset by peer: socket write error
	at java.base/java.net.SocketOutputStream.socketWrite0(Native Method)
	at java.base/java.net.SocketOutputStream.socketWrite(SocketOutputStream.java:110)
	at java.base/java.net.SocketOutputStream.write(SocketOutputStream.java:150)
	at java.base/java.nio.channels.Channels$WritableByteChannelImpl.write(Channels.java:464)
	at bloop.launcher.bsp.BspBridge.copyContents(BspBridge.scala:291)
	at bloop.launcher.bsp.BspBridge.forwardStreamContents(BspBridge.scala:275)
	at bloop.launcher.bsp.BspBridge.$anonfun$wireBspConnectionStreams$1(BspBridge.scala:197)
	at bloop.bloopgun.core.Shell$$anon$2.run(Shell.scala:156)
No more data in the server stdin, exiting...
Starting the bsp launcher for bloop...
Opening a bsp server connection with 'bsp --protocol tcp --port 36487'...
Waiting for the bsp connection to come up...
[0m[32m[D][0m Loading workspace settings from bloop.settings.json
[0m[32m[D][0m Waiting for a connection at 127.0.0.1:36487...
The server is listening for incoming connections at tcp://127.0.0.1:36487...
Starting thread that pumps stdin and redirects it to the bsp server...
Starting thread that pumps server stdout and redirects it to the client stdout...
[0m2022.01.07 13:52:38 INFO  compiling root-test (1 scala source)[0m
[0m2022.01.07 13:52:38 INFO  tracing is disabled for protocol BSP, to enable tracing of incoming and outgoing JSON messages create an empty file at C:\Users\lanej\AppData\Local\scalameta\metals\cache\bsp.trace.json[0m
[0m2022.01.07 13:52:38 INFO  time: Imported build in 0.49s[0m
[0m2022.01.07 13:52:41 INFO  time: indexed workspace in 2.63s[0m
[0m2022.01.07 13:52:42 INFO  no build target: using presentation compiler with only scala-library: 3.1.0[0m
[0m2022.01.07 14:23:14 INFO  compiling root (1 scala source)[0m
[0m2022.01.07 14:23:14 INFO  time: compiled root in 0.5s[0m
[0m2022.01.07 14:25:42 INFO  compiling root-test (1 scala source)[0m
[0m2022.01.07 14:25:45 INFO  time: compiled root-test in 2.93s[0m
[0m2022.01.07 14:32:45 INFO  compiling root (1 scala source)[0m
[0m2022.01.07 14:32:45 INFO  time: compiled root in 0.43s[0m
[0m2022.01.07 14:32:47 INFO  compiling root-test (1 scala source)[0m
[0m2022.01.07 14:32:47 INFO  time: compiled root-test in 0.6s[0m
[0m2022.01.07 14:35:56 INFO  compiling root (1 scala source)[0m
[0m2022.01.07 14:35:56 INFO  time: compiled root in 0.28s[0m
[0m2022.01.07 14:50:09 INFO  compiling root (1 scala source)[0m
[0m2022.01.07 14:50:09 INFO  time: compiled root in 0.33s[0m
[0m2022.01.07 14:50:13 INFO  compiling root (1 scala source)[0m
[0m2022.01.07 14:50:13 INFO  time: compiled root in 0.43s[0m
[0m2022.01.07 14:52:46 INFO  compiling root (1 scala source)[0m
[0m2022.01.07 14:52:46 INFO  time: compiled root in 0.16s[0m
[0m2022.01.07 14:55:21 INFO  compiling root (1 scala source)[0m
[0m2022.01.07 14:55:21 INFO  time: compiled root in 0.13s[0m
[0m2022.01.07 14:56:18 INFO  compiling root (1 scala source)[0m
[0m2022.01.07 14:56:18 INFO  time: compiled root in 0.47s[0m
[0m2022.01.07 14:57:52 INFO  compiling root (1 scala source)[0m
[0m2022.01.07 14:57:52 INFO  time: compiled root in 0.43s[0m
[0m2022.01.07 14:59:03 INFO  compiling root (1 scala source)[0m
[0m2022.01.07 14:59:03 INFO  time: compiled root in 0.32s[0m
[0m2022.01.07 15:08:57 INFO  compiling root-test (1 scala source)[0m
[0m2022.01.07 15:08:58 INFO  time: compiled root-test in 1.01s[0m
[0m2022.01.07 15:09:54 INFO  compiling root-test (1 scala source)[0m
[0m2022.01.07 15:09:55 INFO  time: compiled root-test in 1.67s[0m
[0m2022.01.07 15:10:04 INFO  compiling root (1 scala source)[0m
[0m2022.01.07 15:10:04 INFO  time: compiled root in 0.27s[0m
[0m2022.01.07 15:12:00 INFO  compiling root (1 scala source)[0m
[0m2022.01.07 15:12:00 INFO  time: compiled root in 0.25s[0m
[0m2022.01.07 15:12:29 INFO  compiling root (1 scala source)[0m
[0m2022.01.07 15:12:29 INFO  time: compiled root in 0.15s[0m
[0m2022.01.07 15:12:52 INFO  compiling root (1 scala source)[0m
[0m2022.01.07 15:12:52 INFO  time: compiled root in 0.35s[0m
[0m2022.01.07 15:13:15 INFO  compiling root-test (1 scala source)[0m
[0m2022.01.07 15:13:15 INFO  time: compiled root-test in 0.53s[0m
[0m2022.01.07 15:13:20 INFO  compiling root-test (1 scala source)[0m
[0m2022.01.07 15:13:21 INFO  time: compiled root-test in 1.06s[0m
[0m2022.01.07 15:18:59 INFO  compiling root (1 scala source)[0m
[0m2022.01.07 15:18:59 INFO  time: compiled root in 0.23s[0m
[0m2022.01.07 15:20:53 INFO  compiling root-test (1 scala source)[0m
[0m2022.01.07 15:20:56 INFO  time: compiled root-test in 3.18s[0m
[0m2022.01.07 15:28:55 INFO  compiling root (1 scala source)[0m
[0m2022.01.07 15:28:55 INFO  time: compiled root in 0.48s[0m
[0m2022.01.07 15:29:03 INFO  compiling root (1 scala source)[0m
[0m2022.01.07 15:29:03 INFO  time: compiled root in 0.55s[0m
[0m2022.01.07 15:30:32 INFO  C:\Users\lanej\OneDrive\CS403\tdd_intro\src\main\scala\password_checker\Password.scala:15:25: stale bloop error: Values of types Char and String cannot be compared with == or !=
    if (password.exists(_ == specChars)) true
                        ^^^^^^^^^^^^^^[0m
[0m2022.01.07 15:30:32 INFO  C:\Users\lanej\OneDrive\CS403\tdd_intro\src\main\scala\password_checker\Password.scala:15:25: stale bloop error: Values of types Char and String cannot be compared with == or !=
    if (password.exists(_ == specChars)) true
                        ^^^^^^^^^^^^^^[0m
[0m2022.01.07 15:30:54 INFO  C:\Users\lanej\OneDrive\CS403\tdd_intro\src\main\scala\password_checker\Password.scala:15:25: stale bloop error: Values of types Char and String cannot be compared with == or !=
    if (password.exists(_ == specChars)) true
                        ^^^^^^^^^^^^^^[0m
[0m2022.01.07 15:30:54 INFO  C:\Users\lanej\OneDrive\CS403\tdd_intro\src\main\scala\password_checker\Password.scala:15:25: stale bloop error: Values of types Char and String cannot be compared with == or !=
    if (password.exists(_ == specChars)) true
                        ^^^^^^^^^^^^^^[0m
[0m2022.01.07 15:30:54 INFO  C:\Users\lanej\OneDrive\CS403\tdd_intro\src\main\scala\password_checker\Password.scala:15:25: stale bloop error: Values of types Char and String cannot be compared with == or !=
    if (password.exists(_ == specChars)) true
                        ^^^^^^^^^^^^^^[0m
[0m2022.01.07 15:30:54 INFO  C:\Users\lanej\OneDrive\CS403\tdd_intro\src\main\scala\password_checker\Password.scala:15:25: stale bloop error: Values of types Char and String cannot be compared with == or !=
    if (password.exists(_ == specChars)) true
                        ^^^^^^^^^^^^^^[0m
[0m2022.01.07 15:31:02 INFO  C:\Users\lanej\OneDrive\CS403\tdd_intro\src\main\scala\password_checker\Password.scala:15:25: stale bloop error: Values of types Char and String cannot be compared with == or !=
    if (password.exists(_ == specChars)) true
                        ^^^^^^^^^^^^^^[0m
[0m2022.01.07 15:31:02 INFO  C:\Users\lanej\OneDrive\CS403\tdd_intro\src\main\scala\password_checker\Password.scala:15:25: stale bloop error: Values of types Char and String cannot be compared with == or !=
    if (password.exists(_ == specChars)) true
                        ^^^^^^^^^^^^^^[0m
[0m2022.01.07 15:31:58 INFO  C:\Users\lanej\OneDrive\CS403\tdd_intro\src\main\scala\password_checker\Password.scala:15:25: stale bloop error: Values of types Char and String cannot be compared with == or !=
    if (password.exists(_ == specChars)) true
                        ^^^^^^^^^^^^^^[0m
[0m2022.01.07 15:31:58 INFO  C:\Users\lanej\OneDrive\CS403\tdd_intro\src\main\scala\password_checker\Password.scala:15:25: stale bloop error: Values of types Char and String cannot be compared with == or !=
    if (password.exists(_ == specChars)) true
                        ^^^^^^^^^^^^^^[0m
[0m2022.01.07 15:32:02 INFO  C:\Users\lanej\OneDrive\CS403\tdd_intro\src\main\scala\password_checker\Password.scala:15:25: stale bloop error: Values of types Char and String cannot be compared with == or !=
    if (password.exists(_ == specChars)) true
                        ^^^^^^^^^^^^^^[0m
[0m2022.01.07 15:32:02 INFO  C:\Users\lanej\OneDrive\CS403\tdd_intro\src\main\scala\password_checker\Password.scala:15:25: stale bloop error: Values of types Char and String cannot be compared with == or !=
    if (password.exists(_ == specChars)) true
                        ^^^^^^^^^^^^^^[0m
[0m2022.01.07 15:32:04 INFO  C:\Users\lanej\OneDrive\CS403\tdd_intro\src\main\scala\password_checker\Password.scala:15:25: stale bloop error: Values of types Char and String cannot be compared with == or !=
    if (password.exists(_ == specChars)) true
                        ^^^^^^^^^^^^^^[0m
[0m2022.01.07 15:32:04 INFO  C:\Users\lanej\OneDrive\CS403\tdd_intro\src\main\scala\password_checker\Password.scala:15:25: stale bloop error: Values of types Char and String cannot be compared with == or !=
    if (password.exists(_ == specChars)) true
                        ^^^^^^^^^^^^^^[0m
[0m2022.01.07 15:35:29 INFO  compiling root (1 scala source)[0m
[0m2022.01.07 15:35:29 INFO  time: compiled root in 0.18s[0m
[0m2022.01.07 15:36:38 INFO  compiling root (1 scala source)[0m
[0m2022.01.07 15:36:38 INFO  time: compiled root in 0.14s[0m
[0m2022.01.07 15:37:03 INFO  compiling root (1 scala source)[0m
[0m2022.01.07 15:37:03 INFO  time: compiled root in 0.32s[0m
[0m2022.01.07 15:37:59 INFO  compiling root-test (1 scala source)[0m
[0m2022.01.07 15:37:59 INFO  time: compiled root-test in 0.41s[0m
[0m2022.01.07 15:38:10 INFO  compiling root-test (1 scala source)[0m
[0m2022.01.07 15:38:10 INFO  time: compiled root-test in 0.72s[0m
Exception in thread "pool-11-thread-1" java.lang.InterruptedException
	at scala.meta.internal.metals.FutureCancelToken.checkCanceled(FutureCancelToken.scala:29)
	at scala.meta.internal.pc.CompilerAccess.onCompilerJobQueue$$anonfun$1(CompilerAccess.scala:195)
	at scala.meta.internal.pc.CompilerJobQueue$Job.run(CompilerJobQueue.scala:139)
	at java.base/java.util.concurrent.ThreadPoolExecutor.runWorker(ThreadPoolExecutor.java:1128)
	at java.base/java.util.concurrent.ThreadPoolExecutor$Worker.run(ThreadPoolExecutor.java:628)
	at java.base/java.lang.Thread.run(Thread.java:829)
Jan 07, 2022 3:39:40 PM org.eclipse.lsp4j.jsonrpc.RemoteEndpoint handleCancellation
WARNING: Unmatched cancel notification for request id 5442
[0m2022.01.07 15:39:40 INFO  compiling root-test (1 scala source)[0m
[0m2022.01.07 15:39:40 INFO  time: compiled root-test in 0.57s[0m
Jan 07, 2022 3:39:41 PM org.eclipse.lsp4j.jsonrpc.RemoteEndpoint handleCancellation
WARNING: Unmatched cancel notification for request id 5445
[0m2022.01.07 15:40:23 INFO  compiling root-test (1 scala source)[0m
[0m2022.01.07 15:40:23 INFO  time: compiled root-test in 0.69s[0m
[0m2022.01.07 15:40:58 INFO  compiling root-test (1 scala source)[0m
[0m2022.01.07 15:40:59 INFO  time: compiled root-test in 1.32s[0m
[0m2022.01.07 15:41:29 INFO  compiling root (1 scala source)[0m
[0m2022.01.07 15:41:29 INFO  time: compiled root in 0.3s[0m
[0m2022.01.07 15:41:31 INFO  compiling root-test (1 scala source)[0m
[0m2022.01.07 15:41:31 INFO  time: compiled root-test in 0.56s[0m
[0m2022.01.07 15:43:02 INFO  compiling root-test (1 scala source)[0m
[0m2022.01.07 15:43:02 INFO  time: compiled root-test in 0.97s[0m
[0m2022.01.07 15:43:41 INFO  compiling root-test (1 scala source)[0m
[0m2022.01.07 15:43:41 INFO  time: compiled root-test in 0.64s[0m
[0m2022.01.07 19:27:07 INFO  shutting down Metals[0m
No more data in the server stdin, exiting...
No more data in the server stdin, exiting...
No more data in the server stdin, exiting...
No more data in the server stdin, exiting...
No more data in the client stdin, exiting...
No more data in the client stdin, exiting...
No more data in the server stdin, exiting...
No more data in the client stdin, exiting...
java.util.concurrent.RejectedExecutionException: Task scala.concurrent.impl.CallbackRunnable@4069f4ad rejected from java.util.concurrent.ThreadPoolExecutor@39fbf8b2[Shutting down, pool size = 1, active threads = 1, queued tasks = 0, completed tasks = 42740]
	at java.base/java.util.concurrent.ThreadPoolExecutor$AbortPolicy.rejectedExecution(ThreadPoolExecutor.java:2055)
	at java.base/java.util.concurrent.ThreadPoolExecutor.reject(ThreadPoolExecutor.java:825)
	at java.base/java.util.concurrent.ThreadPoolExecutor.execute(ThreadPoolExecutor.java:1355)
	at scala.concurrent.impl.ExecutionContextImpl$$anon$4.execute(ExecutionContextImpl.scala:138)
	at scala.concurrent.impl.CallbackRunnable.executeWithValue(Promise.scala:72)
	at scala.concurrent.impl.Promise$DefaultPromise.$anonfun$tryComplete$1(Promise.scala:288)
	at scala.concurrent.impl.Promise$DefaultPromise.$anonfun$tryComplete$1$adapted(Promise.scala:288)
	at scala.concurrent.impl.Promise$DefaultPromise.tryComplete(Promise.scala:288)
	at scala.concurrent.Promise.complete(Promise.scala:53)
	at scala.concurrent.Promise.complete$(Promise.scala:52)
	at scala.concurrent.impl.Promise$DefaultPromise.complete(Promise.scala:187)
	at scala.concurrent.impl.Promise.$anonfun$transform$1(Promise.scala:33)
	at scala.concurrent.impl.CallbackRunnable.run(Promise.scala:64)
	at java.base/java.util.concurrent.ThreadPoolExecutor.runWorker(ThreadPoolExecutor.java:1128)
	at java.base/java.util.concurrent.ThreadPoolExecutor$Worker.run(ThreadPoolExecutor.java:628)
	at java.base/java.lang.Thread.run(Thread.java:829)
[0m2022.01.10 15:20:35 INFO  Started: Metals version 0.10.9 in workspace 'C:\Users\lanej\OneDrive\CS403\tdd_intro' for client Visual Studio Code 1.63.2.[0m
[0m2022.01.10 15:20:37 INFO  time: initialize in 1.99s[0m
[0m2022.01.10 15:20:38 INFO  Attempting to connect to the build server...[0m
[0m2022.01.10 15:20:37 INFO  skipping build import with status 'Installed'[0m
Starting the bsp launcher for bloop...
Opening a bsp server connection with 'bsp --protocol tcp --port 23408'...
Waiting for the bsp connection to come up...
Waiting for the bsp connection to come up...
Waiting for the bsp connection to come up...
Waiting for the bsp connection to come up...
Waiting for the bsp connection to come up...
Waiting for the bsp connection to come up...
No server running at 127.0.0.1:8212, let's fire one...
Resolving ch.epfl.scala:bloop-frontend_2.12:1.4.11...
Starting bloop server at 127.0.0.1:8212...
Attempting a connection to the server...
[0m[32m[D][0m Loading workspace settings from bloop.settings.json
[0m[32m[D][0m Loading 2 projects from 'c:\Users\lanej\OneDrive\CS403\tdd_intro\.bloop'...
[0m[32m[D][0m Loading project from 'c:\Users\lanej\OneDrive\CS403\tdd_intro\.bloop\root-test.json'
[0m[32m[D][0m Loading project from 'c:\Users\lanej\OneDrive\CS403\tdd_intro\.bloop\root.json'
[0m[32m[D][0m Cache miss for scala instance org.scala-lang:scala-compiler:3.1.0.
[0m[32m[D][0m   => C:\Users\lanej\AppData\Local\Coursier\Cache\v1\https\repo1.maven.org\maven2\com\fasterxml\jackson\core\jackson-annotations\2.2.3\jackson-annotations-2.2.3.jar
[0m[32m[D][0m   => C:\Users\lanej\AppData\Local\Coursier\Cache\v1\https\repo1.maven.org\maven2\com\fasterxml\jackson\core\jackson-core\2.9.8\jackson-core-2.9.8.jar
[0m[32m[D][0m   => C:\Users\lanej\AppData\Local\Coursier\Cache\v1\https\repo1.maven.org\maven2\com\fasterxml\jackson\core\jackson-databind\2.2.3\jackson-databind-2.2.3.jar
[0m[32m[D][0m   => C:\Users\lanej\AppData\Local\Coursier\Cache\v1\https\repo1.maven.org\maven2\com\fasterxml\jackson\dataformat\jackson-dataformat-yaml\2.9.8\jackson-dataformat-yaml-2.9.8.jar
[0m[32m[D][0m   => C:\Users\lanej\AppData\Local\Coursier\Cache\v1\https\repo1.maven.org\maven2\com\google\protobuf\protobuf-java\3.7.0\protobuf-java-3.7.0.jar
[0m[32m[D][0m   => C:\Users\lanej\AppData\Local\Coursier\Cache\v1\https\repo1.maven.org\maven2\com\vladsch\flexmark\flexmark-ext-anchorlink\0.42.12\flexmark-ext-anchorlink-0.42.12.jar
[0m[32m[D][0m   => C:\Users\lanej\AppData\Local\Coursier\Cache\v1\https\repo1.maven.org\maven2\com\vladsch\flexmark\flexmark-ext-autolink\0.42.12\flexmark-ext-autolink-0.42.12.jar
[0m[32m[D][0m   => C:\Users\lanej\AppData\Local\Coursier\Cache\v1\https\repo1.maven.org\maven2\com\vladsch\flexmark\flexmark-ext-emoji\0.42.12\flexmark-ext-emoji-0.42.12.jar
[0m[32m[D][0m   => C:\Users\lanej\AppData\Local\Coursier\Cache\v1\https\repo1.maven.org\maven2\com\vladsch\flexmark\flexmark-ext-gfm-strikethrough\0.42.12\flexmark-ext-gfm-strikethrough-0.42.12.jar
[0m[32m[D][0m   => C:\Users\lanej\AppData\Local\Coursier\Cache\v1\https\repo1.maven.org\maven2\com\vladsch\flexmark\flexmark-ext-gfm-tables\0.42.12\flexmark-ext-gfm-tables-0.42.12.jar
[0m[32m[D][0m   => C:\Users\lanej\AppData\Local\Coursier\Cache\v1\https\repo1.maven.org\maven2\com\vladsch\flexmark\flexmark-ext-gfm-tasklist\0.42.12\flexmark-ext-gfm-tasklist-0.42.12.jar
[0m[32m[D][0m   => C:\Users\lanej\AppData\Local\Coursier\Cache\v1\https\repo1.maven.org\maven2\com\vladsch\flexmark\flexmark-ext-ins\0.42.12\flexmark-ext-ins-0.42.12.jar
[0m[32m[D][0m   => C:\Users\lanej\AppData\Local\Coursier\Cache\v1\https\repo1.maven.org\maven2\com\vladsch\flexmark\flexmark-ext-superscript\0.42.12\flexmark-ext-superscript-0.42.12.jar
[0m[32m[D][0m   => C:\Users\lanej\AppData\Local\Coursier\Cache\v1\https\repo1.maven.org\maven2\com\vladsch\flexmark\flexmark-ext-tables\0.42.12\flexmark-ext-tables-0.42.12.jar
[0m[32m[D][0m   => C:\Users\lanej\AppData\Local\Coursier\Cache\v1\https\repo1.maven.org\maven2\com\vladsch\flexmark\flexmark-ext-wikilink\0.42.12\flexmark-ext-wikilink-0.42.12.jar
[0m[32m[D][0m   => C:\Users\lanej\AppData\Local\Coursier\Cache\v1\https\repo1.maven.org\maven2\com\vladsch\flexmark\flexmark-ext-yaml-front-matter\0.42.12\flexmark-ext-yaml-front-matter-0.42.12.jar
[0m[32m[D][0m   => C:\Users\lanej\AppData\Local\Coursier\Cache\v1\https\repo1.maven.org\maven2\com\vladsch\flexmark\flexmark-formatter\0.42.12\flexmark-formatter-0.42.12.jar
[0m[32m[D][0m   => C:\Users\lanej\AppData\Local\Coursier\Cache\v1\https\repo1.maven.org\maven2\com\vladsch\flexmark\flexmark-html-parser\0.42.12\flexmark-html-parser-0.42.12.jar
[0m[32m[D][0m   => C:\Users\lanej\AppData\Local\Coursier\Cache\v1\https\repo1.maven.org\maven2\com\vladsch\flexmark\flexmark-jira-converter\0.42.12\flexmark-jira-converter-0.42.12.jar
[0m[32m[D][0m   => C:\Users\lanej\AppData\Local\Coursier\Cache\v1\https\repo1.maven.org\maven2\com\vladsch\flexmark\flexmark-util\0.42.12\flexmark-util-0.42.12.jar
[0m[32m[D][0m   => C:\Users\lanej\AppData\Local\Coursier\Cache\v1\https\repo1.maven.org\maven2\com\vladsch\flexmark\flexmark\0.42.12\flexmark-0.42.12.jar
[0m[32m[D][0m   => C:\Users\lanej\AppData\Local\Coursier\Cache\v1\https\repo1.maven.org\maven2\net\java\dev\jna\jna\5.3.1\jna-5.3.1.jar
[0m[32m[D][0m   => C:\Users\lanej\AppData\Local\Coursier\Cache\v1\https\repo1.maven.org\maven2\nl\big-o\liqp\0.6.7\liqp-0.6.7.jar
[0m[32m[D][0m   => C:\Users\lanej\AppData\Local\Coursier\Cache\v1\https\repo1.maven.org\maven2\org\antlr\ST4\4.0.7\ST4-4.0.7.jar
[0m[32m[D][0m   => C:\Users\lanej\AppData\Local\Coursier\Cache\v1\https\repo1.maven.org\maven2\org\antlr\antlr-runtime\3.5.1\antlr-runtime-3.5.1.jar
[0m[32m[D][0m   => C:\Users\lanej\AppData\Local\Coursier\Cache\v1\https\repo1.maven.org\maven2\org\antlr\antlr\3.5.1\antlr-3.5.1.jar
[0m[32m[D][0m   => C:\Users\lanej\AppData\Local\Coursier\Cache\v1\https\repo1.maven.org\maven2\org\jline\jline-reader\3.19.0\jline-reader-3.19.0.jar
[0m[32m[D][0m   => C:\Users\lanej\AppData\Local\Coursier\Cache\v1\https\repo1.maven.org\maven2\org\jline\jline-terminal-jna\3.19.0\jline-terminal-jna-3.19.0.jar
[0m[32m[D][0m   => C:\Users\lanej\AppData\Local\Coursier\Cache\v1\https\repo1.maven.org\maven2\org\jline\jline-terminal\3.19.0\jline-terminal-3.19.0.jar
[0m[32m[D][0m   => C:\Users\lanej\AppData\Local\Coursier\Cache\v1\https\repo1.maven.org\maven2\org\jsoup\jsoup\1.13.1\jsoup-1.13.1.jar
[0m[32m[D][0m   => C:\Users\lanej\AppData\Local\Coursier\Cache\v1\https\repo1.maven.org\maven2\org\nibor\autolink\autolink\0.6.0\autolink-0.6.0.jar
[0m[32m[D][0m   => C:\Users\lanej\AppData\Local\Coursier\Cache\v1\https\repo1.maven.org\maven2\org\scala-lang\modules\scala-asm\9.1.0-scala-1\scala-asm-9.1.0-scala-1.jar
[0m[32m[D][0m   => C:\Users\lanej\AppData\Local\Coursier\Cache\v1\https\repo1.maven.org\maven2\org\scala-lang\scala-library\2.13.6\scala-library-2.13.6.jar
[0m[32m[D][0m   => C:\Users\lanej\AppData\Local\Coursier\Cache\v1\https\repo1.maven.org\maven2\org\scala-lang\scala3-compiler_3\3.1.0\scala3-compiler_3-3.1.0.jar
[0m[32m[D][0m   => C:\Users\lanej\AppData\Local\Coursier\Cache\v1\https\repo1.maven.org\maven2\org\scala-lang\scala3-interfaces\3.1.0\scala3-interfaces-3.1.0.jar
[0m[32m[D][0m   => C:\Users\lanej\AppData\Local\Coursier\Cache\v1\https\repo1.maven.org\maven2\org\scala-lang\scala3-library_3\3.1.0\scala3-library_3-3.1.0.jar
[0m[32m[D][0m   => C:\Users\lanej\AppData\Local\Coursier\Cache\v1\https\repo1.maven.org\maven2\org\scala-lang\scala3-tasty-inspector_3\3.1.0\scala3-tasty-inspector_3-3.1.0.jar
[0m[32m[D][0m   => C:\Users\lanej\AppData\Local\Coursier\Cache\v1\https\repo1.maven.org\maven2\org\scala-lang\scaladoc_3\3.1.0\scaladoc_3-3.1.0.jar
[0m[32m[D][0m   => C:\Users\lanej\AppData\Local\Coursier\Cache\v1\https\repo1.maven.org\maven2\org\scala-lang\tasty-core_3\3.1.0\tasty-core_3-3.1.0.jar
[0m[32m[D][0m   => C:\Users\lanej\AppData\Local\Coursier\Cache\v1\https\repo1.maven.org\maven2\org\scala-sbt\compiler-interface\1.3.5\compiler-interface-1.3.5.jar
[0m[32m[D][0m   => C:\Users\lanej\AppData\Local\Coursier\Cache\v1\https\repo1.maven.org\maven2\org\scala-sbt\util-interface\1.3.0\util-interface-1.3.0.jar
[0m[32m[D][0m   => C:\Users\lanej\AppData\Local\Coursier\Cache\v1\https\repo1.maven.org\maven2\org\yaml\snakeyaml\1.23\snakeyaml-1.23.jar
[0m[32m[D][0m Loading previous analysis for 'root-test' from 'C:\Users\lanej\OneDrive\CS403\tdd_intro\target\streams\test\bloopAnalysisOut\_global\streams\inc_compile_3.zip'.
[0m[32m[D][0m Loading previous analysis for 'root' from 'C:\Users\lanej\OneDrive\CS403\tdd_intro\target\streams\compile\bloopAnalysisOut\_global\streams\inc_compile_3.zip'.
[0m[32m[D][0m Waiting for a connection at 127.0.0.1:23408...
The server is listening for incoming connections at tcp://127.0.0.1:23408...
Starting thread that pumps stdin and redirects it to the bsp server...
Starting thread that pumps server stdout and redirects it to the client stdout...
[0m2022.01.10 15:20:44 INFO  tracing is disabled for protocol BSP, to enable tracing of incoming and outgoing JSON messages create an empty file at C:\Users\lanej\AppData\Local\scalameta\metals\cache\bsp.trace.json[0m
[0m2022.01.10 15:20:44 INFO  Attempting to connect to the build server...[0m
Starting the bsp launcher for bloop...
Opening a bsp server connection with 'bsp --protocol tcp --port 43019'...
Waiting for the bsp connection to come up...
[0m[32m[D][0m Loading workspace settings from bloop.settings.json
[0m[32m[D][0m Waiting for a connection at 127.0.0.1:43019...
The server is listening for incoming connections at tcp://127.0.0.1:43019...
Starting thread that pumps stdin and redirects it to the bsp server...
Starting thread that pumps server stdout and redirects it to the client stdout...
[0m2022.01.10 15:20:45 INFO  tracing is disabled for protocol BSP, to enable tracing of incoming and outgoing JSON messages create an empty file at C:\Users\lanej\AppData\Local\scalameta\metals\cache\bsp.trace.json[0m
[0m2022.01.10 15:20:45 INFO  time: Connected to build server in 7.45s[0m
[0m2022.01.10 15:20:45 INFO  Connected to Build server: Bloop v1.4.11[0m
[0m2022.01.10 15:20:45 INFO  time: Imported build in 0.12s[0m
[0m2022.01.10 15:20:50 INFO  time: indexed workspace in 4.43s[0m
[0m2022.01.10 15:20:52 INFO  no build target: using presentation compiler with only scala-library: 3.1.0[0m
[0m2022.01.10 15:29:19 INFO  compiling root-test (1 scala source)[0m
[0m2022.01.10 15:29:25 INFO  time: compiled root-test in 6.24s[0m
[0m2022.01.11 14:24:59 INFO  shutting down Metals[0m
No more data in the server stdin, exiting...
No more data in the server stdin, exiting...
No more data in the server stdin, exiting...
No more data in the server stdin, exiting...
No more data in the client stdin, exiting...
No more data in the client stdin, exiting...
java.util.concurrent.RejectedExecutionException: Task scala.concurrent.impl.CallbackRunnable@4dc12bd9 rejected from java.util.concurrent.ThreadPoolExecutor@49fea6b9[Shutting down, pool size = 1, active threads = 1, queued tasks = 0, completed tasks = 1491]
	at java.base/java.util.concurrent.ThreadPoolExecutor$AbortPolicy.rejectedExecution(ThreadPoolExecutor.java:2055)
	at java.base/java.util.concurrent.ThreadPoolExecutor.reject(ThreadPoolExecutor.java:825)
	at java.base/java.util.concurrent.ThreadPoolExecutor.execute(ThreadPoolExecutor.java:1355)
	at scala.concurrent.impl.ExecutionContextImpl$$anon$4.execute(ExecutionContextImpl.scala:138)
	at scala.concurrent.impl.CallbackRunnable.executeWithValue(Promise.scala:72)
	at scala.concurrent.impl.Promise$DefaultPromise.$anonfun$tryComplete$1(Promise.scala:288)
	at scala.concurrent.impl.Promise$DefaultPromise.$anonfun$tryComplete$1$adapted(Promise.scala:288)
	at scala.concurrent.impl.Promise$DefaultPromise.tryComplete(Promise.scala:288)
	at scala.concurrent.Promise.complete(Promise.scala:53)
	at scala.concurrent.Promise.complete$(Promise.scala:52)
	at scala.concurrent.impl.Promise$DefaultPromise.complete(Promise.scala:187)
	at scala.concurrent.impl.Promise.$anonfun$transform$1(Promise.scala:33)
	at scala.concurrent.impl.CallbackRunnable.run(Promise.scala:64)
	at java.base/java.util.concurrent.ThreadPoolExecutor.runWorker(ThreadPoolExecutor.java:1128)
	at java.base/java.util.concurrent.ThreadPoolExecutor$Worker.run(ThreadPoolExecutor.java:628)
	at java.base/java.lang.Thread.run(Thread.java:829)
